{"/Users/sunming/Desktop/Node/test/vidly/index.js": {"path":"/Users/sunming/Desktop/Node/test/vidly/index.js","statementMap":{"0":{"start":{"line":1,"column":16},"end":{"line":1,"column":34}},"1":{"start":{"line":2,"column":16},"end":{"line":2,"column":34}},"2":{"start":{"line":3,"column":12},"end":{"line":3,"column":21}},"3":{"start":{"line":5,"column":0},"end":{"line":5,"column":31}},"4":{"start":{"line":6,"column":0},"end":{"line":6,"column":33}},"5":{"start":{"line":7,"column":0},"end":{"line":7,"column":26}},"6":{"start":{"line":8,"column":0},"end":{"line":8,"column":30}},"7":{"start":{"line":9,"column":0},"end":{"line":9,"column":32}},"8":{"start":{"line":11,"column":13},"end":{"line":11,"column":37}},"9":{"start":{"line":12,"column":15},"end":{"line":14,"column":1}},"10":{"start":{"line":13,"column":2},"end":{"line":13,"column":46}},"11":{"start":{"line":16,"column":0},"end":{"line":16,"column":24}}},"fnMap":{"0":{"name":"(anonymous_0)","decl":{"start":{"line":12,"column":32},"end":{"line":12,"column":33}},"loc":{"start":{"line":13,"column":2},"end":{"line":13,"column":46}},"line":13}},"branchMap":{"0":{"loc":{"start":{"line":11,"column":13},"end":{"line":11,"column":37}},"type":"binary-expr","locations":[{"start":{"line":11,"column":13},"end":{"line":11,"column":29}},{"start":{"line":11,"column":33},"end":{"line":11,"column":37}}],"line":11}},"s":{"0":2,"1":2,"2":2,"3":2,"4":2,"5":2,"6":2,"7":2,"8":2,"9":2,"10":2,"11":2},"f":{"0":2},"b":{"0":[2,2]},"_coverageSchema":"1a1c01bbd47fc00a2c39e90264f33305004495a9","hash":"a1192b7c13c7e111500ff626258a30d245ffc32f"}
,"/Users/sunming/Desktop/Node/test/vidly/middleware/admin.js": {"path":"/Users/sunming/Desktop/Node/test/vidly/middleware/admin.js","statementMap":{"0":{"start":{"line":1,"column":0},"end":{"line":4,"column":2}},"1":{"start":{"line":2,"column":2},"end":{"line":2,"column":70}},"2":{"start":{"line":2,"column":25},"end":{"line":2,"column":70}},"3":{"start":{"line":3,"column":2},"end":{"line":3,"column":9}}},"fnMap":{"0":{"name":"(anonymous_0)","decl":{"start":{"line":1,"column":17},"end":{"line":1,"column":18}},"loc":{"start":{"line":1,"column":43},"end":{"line":4,"column":1}},"line":1}},"branchMap":{"0":{"loc":{"start":{"line":2,"column":2},"end":{"line":2,"column":70}},"type":"if","locations":[{"start":{"line":2,"column":2},"end":{"line":2,"column":70}},{"start":{},"end":{}}],"line":2}},"s":{"0":2,"1":0,"2":0,"3":0},"f":{"0":0},"b":{"0":[0,0]},"_coverageSchema":"1a1c01bbd47fc00a2c39e90264f33305004495a9","hash":"3efbda94dd376e9da2971834175f0c91361e2f0b"}
,"/Users/sunming/Desktop/Node/test/vidly/middleware/async.js": {"path":"/Users/sunming/Desktop/Node/test/vidly/middleware/async.js","statementMap":{"0":{"start":{"line":1,"column":0},"end":{"line":9,"column":2}},"1":{"start":{"line":2,"column":2},"end":{"line":8,"column":4}},"2":{"start":{"line":3,"column":4},"end":{"line":7,"column":5}},"3":{"start":{"line":4,"column":6},"end":{"line":4,"column":30}},"4":{"start":{"line":6,"column":6},"end":{"line":6,"column":15}}},"fnMap":{"0":{"name":"asyncMiddleware","decl":{"start":{"line":1,"column":26},"end":{"line":1,"column":41}},"loc":{"start":{"line":1,"column":51},"end":{"line":9,"column":1}},"line":1},"1":{"name":"(anonymous_1)","decl":{"start":{"line":2,"column":9},"end":{"line":2,"column":10}},"loc":{"start":{"line":2,"column":35},"end":{"line":8,"column":3}},"line":2}},"branchMap":{},"s":{"0":2,"1":0,"2":0,"3":0,"4":0},"f":{"0":0,"1":0},"b":{},"_coverageSchema":"1a1c01bbd47fc00a2c39e90264f33305004495a9","hash":"09d67364c5ecbf14f4f249ac88db8e19ef4677cf"}
,"/Users/sunming/Desktop/Node/test/vidly/middleware/auth.js": {"path":"/Users/sunming/Desktop/Node/test/vidly/middleware/auth.js","statementMap":{"0":{"start":{"line":1,"column":12},"end":{"line":1,"column":35}},"1":{"start":{"line":2,"column":15},"end":{"line":2,"column":32}},"2":{"start":{"line":4,"column":0},"end":{"line":14,"column":2}},"3":{"start":{"line":5,"column":16},"end":{"line":5,"column":42}},"4":{"start":{"line":6,"column":2},"end":{"line":6,"column":78}},"5":{"start":{"line":6,"column":14},"end":{"line":6,"column":78}},"6":{"start":{"line":7,"column":2},"end":{"line":13,"column":3}},"7":{"start":{"line":8,"column":20},"end":{"line":8,"column":66}},"8":{"start":{"line":9,"column":4},"end":{"line":9,"column":23}},"9":{"start":{"line":10,"column":4},"end":{"line":10,"column":11}},"10":{"start":{"line":12,"column":4},"end":{"line":12,"column":42}}},"fnMap":{"0":{"name":"(anonymous_0)","decl":{"start":{"line":4,"column":17},"end":{"line":4,"column":18}},"loc":{"start":{"line":4,"column":43},"end":{"line":14,"column":1}},"line":4}},"branchMap":{"0":{"loc":{"start":{"line":6,"column":2},"end":{"line":6,"column":78}},"type":"if","locations":[{"start":{"line":6,"column":2},"end":{"line":6,"column":78}},{"start":{},"end":{}}],"line":6}},"s":{"0":3,"1":3,"2":3,"3":9,"4":9,"5":2,"6":7,"7":7,"8":6,"9":6,"10":1},"f":{"0":9},"b":{"0":[2,7]},"_coverageSchema":"1a1c01bbd47fc00a2c39e90264f33305004495a9","hash":"b64ab8ee06ce1aa7d569050809cb6b3bf833ce01"}
,"/Users/sunming/Desktop/Node/test/vidly/middleware/error.js": {"path":"/Users/sunming/Desktop/Node/test/vidly/middleware/error.js","statementMap":{"0":{"start":{"line":1,"column":16},"end":{"line":1,"column":34}},"1":{"start":{"line":2,"column":0},"end":{"line":17,"column":2}},"2":{"start":{"line":3,"column":17},"end":{"line":13,"column":4}},"3":{"start":{"line":15,"column":2},"end":{"line":15,"column":47}},"4":{"start":{"line":16,"column":2},"end":{"line":16,"column":43}}},"fnMap":{"0":{"name":"(anonymous_0)","decl":{"start":{"line":2,"column":17},"end":{"line":2,"column":18}},"loc":{"start":{"line":2,"column":48},"end":{"line":17,"column":1}},"line":2}},"branchMap":{},"s":{"0":2,"1":2,"2":0,"3":0,"4":0},"f":{"0":0},"b":{},"_coverageSchema":"1a1c01bbd47fc00a2c39e90264f33305004495a9","hash":"be57c0f23334b08ca62cb6c326f47234a1b25aa6"}
,"/Users/sunming/Desktop/Node/test/vidly/middleware/validateObjectId.js": {"path":"/Users/sunming/Desktop/Node/test/vidly/middleware/validateObjectId.js","statementMap":{"0":{"start":{"line":1,"column":17},"end":{"line":1,"column":36}},"1":{"start":{"line":3,"column":0},"end":{"line":7,"column":2}},"2":{"start":{"line":4,"column":2},"end":{"line":5,"column":46}},"3":{"start":{"line":5,"column":4},"end":{"line":5,"column":46}},"4":{"start":{"line":6,"column":2},"end":{"line":6,"column":9}}},"fnMap":{"0":{"name":"(anonymous_0)","decl":{"start":{"line":3,"column":17},"end":{"line":3,"column":18}},"loc":{"start":{"line":3,"column":43},"end":{"line":7,"column":1}},"line":3}},"branchMap":{"0":{"loc":{"start":{"line":4,"column":2},"end":{"line":5,"column":46}},"type":"if","locations":[{"start":{"line":4,"column":2},"end":{"line":5,"column":46}},{"start":{},"end":{}}],"line":4}},"s":{"0":2,"1":2,"2":3,"3":1,"4":2},"f":{"0":3},"b":{"0":[1,2]},"_coverageSchema":"1a1c01bbd47fc00a2c39e90264f33305004495a9","hash":"7abc068b468ea2dbe79f11c9e19da60b72663381"}
,"/Users/sunming/Desktop/Node/test/vidly/models/customer.js": {"path":"/Users/sunming/Desktop/Node/test/vidly/models/customer.js","statementMap":{"0":{"start":{"line":1,"column":12},"end":{"line":1,"column":26}},"1":{"start":{"line":2,"column":17},"end":{"line":2,"column":36}},"2":{"start":{"line":4,"column":17},"end":{"line":21,"column":3}},"3":{"start":{"line":24,"column":17},"end":{"line":28,"column":3}},"4":{"start":{"line":30,"column":2},"end":{"line":30,"column":40}},"5":{"start":{"line":33,"column":0},"end":{"line":33,"column":28}},"6":{"start":{"line":34,"column":0},"end":{"line":34,"column":36}}},"fnMap":{"0":{"name":"validateCustomer","decl":{"start":{"line":23,"column":9},"end":{"line":23,"column":25}},"loc":{"start":{"line":23,"column":36},"end":{"line":31,"column":1}},"line":23}},"branchMap":{},"s":{"0":2,"1":2,"2":2,"3":0,"4":0,"5":2,"6":2},"f":{"0":0},"b":{},"_coverageSchema":"1a1c01bbd47fc00a2c39e90264f33305004495a9","hash":"e7bd1b0e6e5d5eea1fa138cd8770ea5d13c18d21"}
,"/Users/sunming/Desktop/Node/test/vidly/models/genre.js": {"path":"/Users/sunming/Desktop/Node/test/vidly/models/genre.js","statementMap":{"0":{"start":{"line":1,"column":12},"end":{"line":1,"column":26}},"1":{"start":{"line":2,"column":17},"end":{"line":2,"column":36}},"2":{"start":{"line":4,"column":20},"end":{"line":11,"column":2}},"3":{"start":{"line":13,"column":14},"end":{"line":13,"column":50}},"4":{"start":{"line":16,"column":17},"end":{"line":18,"column":3}},"5":{"start":{"line":20,"column":2},"end":{"line":20,"column":37}},"6":{"start":{"line":23,"column":0},"end":{"line":23,"column":34}},"7":{"start":{"line":24,"column":0},"end":{"line":24,"column":22}},"8":{"start":{"line":25,"column":0},"end":{"line":25,"column":33}}},"fnMap":{"0":{"name":"validateGenre","decl":{"start":{"line":15,"column":9},"end":{"line":15,"column":22}},"loc":{"start":{"line":15,"column":30},"end":{"line":21,"column":1}},"line":15}},"branchMap":{},"s":{"0":2,"1":2,"2":2,"3":2,"4":5,"5":5,"6":2,"7":2,"8":2},"f":{"0":5},"b":{},"_coverageSchema":"1a1c01bbd47fc00a2c39e90264f33305004495a9","hash":"4bfbaaf4eb92962acc10839343388820a5751d9b"}
,"/Users/sunming/Desktop/Node/test/vidly/models/movie.js": {"path":"/Users/sunming/Desktop/Node/test/vidly/models/movie.js","statementMap":{"0":{"start":{"line":1,"column":12},"end":{"line":1,"column":26}},"1":{"start":{"line":2,"column":17},"end":{"line":2,"column":36}},"2":{"start":{"line":3,"column":22},"end":{"line":3,"column":40}},"3":{"start":{"line":5,"column":14},"end":{"line":29,"column":3}},"4":{"start":{"line":32,"column":17},"end":{"line":37,"column":3}},"5":{"start":{"line":39,"column":2},"end":{"line":39,"column":37}},"6":{"start":{"line":42,"column":0},"end":{"line":42,"column":22}},"7":{"start":{"line":43,"column":0},"end":{"line":43,"column":33}}},"fnMap":{"0":{"name":"validateMovie","decl":{"start":{"line":31,"column":9},"end":{"line":31,"column":22}},"loc":{"start":{"line":31,"column":30},"end":{"line":40,"column":1}},"line":31}},"branchMap":{},"s":{"0":2,"1":2,"2":2,"3":2,"4":0,"5":0,"6":2,"7":2},"f":{"0":0},"b":{},"_coverageSchema":"1a1c01bbd47fc00a2c39e90264f33305004495a9","hash":"3edc4ef1827619791da8840761fbc9a1a0c329f9"}
,"/Users/sunming/Desktop/Node/test/vidly/models/rental.js": {"path":"/Users/sunming/Desktop/Node/test/vidly/models/rental.js","statementMap":{"0":{"start":{"line":1,"column":12},"end":{"line":1,"column":26}},"1":{"start":{"line":2,"column":17},"end":{"line":2,"column":36}},"2":{"start":{"line":4,"column":15},"end":{"line":56,"column":3}},"3":{"start":{"line":59,"column":17},"end":{"line":62,"column":3}},"4":{"start":{"line":64,"column":2},"end":{"line":64,"column":38}},"5":{"start":{"line":67,"column":0},"end":{"line":67,"column":24}},"6":{"start":{"line":68,"column":0},"end":{"line":68,"column":34}}},"fnMap":{"0":{"name":"validateRental","decl":{"start":{"line":58,"column":9},"end":{"line":58,"column":23}},"loc":{"start":{"line":58,"column":32},"end":{"line":65,"column":1}},"line":58}},"branchMap":{},"s":{"0":2,"1":2,"2":2,"3":0,"4":0,"5":2,"6":2},"f":{"0":0},"b":{},"_coverageSchema":"1a1c01bbd47fc00a2c39e90264f33305004495a9","hash":"6d84268ed4fb6b6e8909b3c1c4baf0dd31dc97ae"}
,"/Users/sunming/Desktop/Node/test/vidly/models/user.js": {"path":"/Users/sunming/Desktop/Node/test/vidly/models/user.js","statementMap":{"0":{"start":{"line":1,"column":12},"end":{"line":1,"column":26}},"1":{"start":{"line":2,"column":17},"end":{"line":2,"column":36}},"2":{"start":{"line":3,"column":12},"end":{"line":3,"column":35}},"3":{"start":{"line":4,"column":15},"end":{"line":4,"column":32}},"4":{"start":{"line":5,"column":19},"end":{"line":26,"column":2}},"5":{"start":{"line":28,"column":0},"end":{"line":34,"column":2}},"6":{"start":{"line":29,"column":16},"end":{"line":32,"column":3}},"7":{"start":{"line":33,"column":2},"end":{"line":33,"column":15}},"8":{"start":{"line":35,"column":13},"end":{"line":35,"column":47}},"9":{"start":{"line":38,"column":17},"end":{"line":42,"column":3}},"10":{"start":{"line":44,"column":2},"end":{"line":44,"column":36}},"11":{"start":{"line":46,"column":0},"end":{"line":46,"column":20}},"12":{"start":{"line":47,"column":0},"end":{"line":47,"column":32}}},"fnMap":{"0":{"name":"(anonymous_0)","decl":{"start":{"line":28,"column":39},"end":{"line":28,"column":40}},"loc":{"start":{"line":28,"column":51},"end":{"line":34,"column":1}},"line":28},"1":{"name":"validateUser","decl":{"start":{"line":37,"column":9},"end":{"line":37,"column":21}},"loc":{"start":{"line":37,"column":28},"end":{"line":45,"column":1}},"line":37}},"branchMap":{},"s":{"0":4,"1":4,"2":4,"3":4,"4":4,"5":4,"6":10,"7":10,"8":4,"9":0,"10":0,"11":4,"12":4},"f":{"0":10,"1":0},"b":{},"_coverageSchema":"1a1c01bbd47fc00a2c39e90264f33305004495a9","hash":"4af3717dabe0f4c15eaa28c0af8dd1689a0e49bd"}
,"/Users/sunming/Desktop/Node/test/vidly/routes/auth.js": {"path":"/Users/sunming/Desktop/Node/test/vidly/routes/auth.js","statementMap":{"0":{"start":{"line":1,"column":17},"end":{"line":1,"column":42}},"1":{"start":{"line":2,"column":17},"end":{"line":2,"column":36}},"2":{"start":{"line":3,"column":16},"end":{"line":3,"column":34}},"3":{"start":{"line":4,"column":15},"end":{"line":4,"column":31}},"4":{"start":{"line":5,"column":10},"end":{"line":5,"column":27}},"5":{"start":{"line":6,"column":15},"end":{"line":6,"column":32}},"6":{"start":{"line":7,"column":12},"end":{"line":7,"column":26}},"7":{"start":{"line":9,"column":0},"end":{"line":12,"column":3}},"8":{"start":{"line":10,"column":16},"end":{"line":10,"column":46}},"9":{"start":{"line":11,"column":2},"end":{"line":11,"column":18}},"10":{"start":{"line":14,"column":0},"end":{"line":26,"column":3}},"11":{"start":{"line":15,"column":2},"end":{"line":15,"column":80}},"12":{"start":{"line":15,"column":43},"end":{"line":15,"column":80}},"13":{"start":{"line":16,"column":20},"end":{"line":16,"column":38}},"14":{"start":{"line":17,"column":2},"end":{"line":17,"column":67}},"15":{"start":{"line":17,"column":13},"end":{"line":17,"column":67}},"16":{"start":{"line":18,"column":13},"end":{"line":18,"column":58}},"17":{"start":{"line":19,"column":2},"end":{"line":19,"column":70}},"18":{"start":{"line":19,"column":13},"end":{"line":19,"column":70}},"19":{"start":{"line":20,"column":24},"end":{"line":20,"column":78}},"20":{"start":{"line":21,"column":2},"end":{"line":21,"column":79}},"21":{"start":{"line":21,"column":22},"end":{"line":21,"column":79}},"22":{"start":{"line":23,"column":16},"end":{"line":23,"column":40}},"23":{"start":{"line":25,"column":2},"end":{"line":25,"column":18}},"24":{"start":{"line":29,"column":17},"end":{"line":32,"column":3}},"25":{"start":{"line":34,"column":2},"end":{"line":34,"column":35}},"26":{"start":{"line":37,"column":0},"end":{"line":37,"column":24}}},"fnMap":{"0":{"name":"(anonymous_0)","decl":{"start":{"line":9,"column":16},"end":{"line":9,"column":17}},"loc":{"start":{"line":9,"column":36},"end":{"line":12,"column":1}},"line":9},"1":{"name":"(anonymous_1)","decl":{"start":{"line":14,"column":17},"end":{"line":14,"column":18}},"loc":{"start":{"line":14,"column":37},"end":{"line":26,"column":1}},"line":14},"2":{"name":"validate","decl":{"start":{"line":28,"column":9},"end":{"line":28,"column":17}},"loc":{"start":{"line":28,"column":23},"end":{"line":35,"column":1}},"line":28}},"branchMap":{"0":{"loc":{"start":{"line":15,"column":2},"end":{"line":15,"column":80}},"type":"if","locations":[{"start":{"line":15,"column":2},"end":{"line":15,"column":80}},{"start":{},"end":{}}],"line":15},"1":{"loc":{"start":{"line":17,"column":2},"end":{"line":17,"column":67}},"type":"if","locations":[{"start":{"line":17,"column":2},"end":{"line":17,"column":67}},{"start":{},"end":{}}],"line":17},"2":{"loc":{"start":{"line":19,"column":2},"end":{"line":19,"column":70}},"type":"if","locations":[{"start":{"line":19,"column":2},"end":{"line":19,"column":70}},{"start":{},"end":{}}],"line":19},"3":{"loc":{"start":{"line":21,"column":2},"end":{"line":21,"column":79}},"type":"if","locations":[{"start":{"line":21,"column":2},"end":{"line":21,"column":79}},{"start":{},"end":{}}],"line":21}},"s":{"0":2,"1":2,"2":2,"3":2,"4":2,"5":2,"6":2,"7":2,"8":0,"9":0,"10":2,"11":0,"12":0,"13":0,"14":0,"15":0,"16":0,"17":0,"18":0,"19":0,"20":0,"21":0,"22":0,"23":0,"24":0,"25":0,"26":2},"f":{"0":0,"1":0,"2":0},"b":{"0":[0,0],"1":[0,0],"2":[0,0],"3":[0,0]},"_coverageSchema":"1a1c01bbd47fc00a2c39e90264f33305004495a9","hash":"5c6f790283f7a604be8c856b6ea6d4353339a021"}
,"/Users/sunming/Desktop/Node/test/vidly/routes/customers.js": {"path":"/Users/sunming/Desktop/Node/test/vidly/routes/customers.js","statementMap":{"0":{"start":{"line":1,"column":29},"end":{"line":1,"column":58}},"1":{"start":{"line":2,"column":17},"end":{"line":2,"column":36}},"2":{"start":{"line":3,"column":16},"end":{"line":3,"column":34}},"3":{"start":{"line":4,"column":15},"end":{"line":4,"column":31}},"4":{"start":{"line":6,"column":0},"end":{"line":9,"column":3}},"5":{"start":{"line":7,"column":20},"end":{"line":7,"column":54}},"6":{"start":{"line":8,"column":2},"end":{"line":8,"column":22}},"7":{"start":{"line":11,"column":0},"end":{"line":23,"column":3}},"8":{"start":{"line":12,"column":20},"end":{"line":12,"column":38}},"9":{"start":{"line":13,"column":2},"end":{"line":13,"column":67}},"10":{"start":{"line":13,"column":13},"end":{"line":13,"column":67}},"11":{"start":{"line":15,"column":17},"end":{"line":19,"column":4}},"12":{"start":{"line":20,"column":2},"end":{"line":20,"column":35}},"13":{"start":{"line":22,"column":2},"end":{"line":22,"column":21}},"14":{"start":{"line":25,"column":0},"end":{"line":39,"column":3}},"15":{"start":{"line":26,"column":20},"end":{"line":26,"column":38}},"16":{"start":{"line":27,"column":2},"end":{"line":27,"column":67}},"17":{"start":{"line":27,"column":13},"end":{"line":27,"column":67}},"18":{"start":{"line":29,"column":19},"end":{"line":34,"column":21}},"19":{"start":{"line":36,"column":2},"end":{"line":36,"column":94}},"20":{"start":{"line":36,"column":17},"end":{"line":36,"column":94}},"21":{"start":{"line":38,"column":2},"end":{"line":38,"column":21}},"22":{"start":{"line":41,"column":0},"end":{"line":47,"column":3}},"23":{"start":{"line":42,"column":19},"end":{"line":42,"column":66}},"24":{"start":{"line":44,"column":2},"end":{"line":44,"column":94}},"25":{"start":{"line":44,"column":17},"end":{"line":44,"column":94}},"26":{"start":{"line":46,"column":2},"end":{"line":46,"column":21}},"27":{"start":{"line":49,"column":0},"end":{"line":55,"column":3}},"28":{"start":{"line":50,"column":19},"end":{"line":50,"column":57}},"29":{"start":{"line":52,"column":2},"end":{"line":52,"column":94}},"30":{"start":{"line":52,"column":17},"end":{"line":52,"column":94}},"31":{"start":{"line":54,"column":2},"end":{"line":54,"column":21}},"32":{"start":{"line":57,"column":0},"end":{"line":57,"column":24}}},"fnMap":{"0":{"name":"(anonymous_0)","decl":{"start":{"line":6,"column":16},"end":{"line":6,"column":17}},"loc":{"start":{"line":6,"column":36},"end":{"line":9,"column":1}},"line":6},"1":{"name":"(anonymous_1)","decl":{"start":{"line":11,"column":17},"end":{"line":11,"column":18}},"loc":{"start":{"line":11,"column":37},"end":{"line":23,"column":1}},"line":11},"2":{"name":"(anonymous_2)","decl":{"start":{"line":25,"column":19},"end":{"line":25,"column":20}},"loc":{"start":{"line":25,"column":39},"end":{"line":39,"column":1}},"line":25},"3":{"name":"(anonymous_3)","decl":{"start":{"line":41,"column":22},"end":{"line":41,"column":23}},"loc":{"start":{"line":41,"column":42},"end":{"line":47,"column":1}},"line":41},"4":{"name":"(anonymous_4)","decl":{"start":{"line":49,"column":19},"end":{"line":49,"column":20}},"loc":{"start":{"line":49,"column":39},"end":{"line":55,"column":1}},"line":49}},"branchMap":{"0":{"loc":{"start":{"line":13,"column":2},"end":{"line":13,"column":67}},"type":"if","locations":[{"start":{"line":13,"column":2},"end":{"line":13,"column":67}},{"start":{},"end":{}}],"line":13},"1":{"loc":{"start":{"line":27,"column":2},"end":{"line":27,"column":67}},"type":"if","locations":[{"start":{"line":27,"column":2},"end":{"line":27,"column":67}},{"start":{},"end":{}}],"line":27},"2":{"loc":{"start":{"line":36,"column":2},"end":{"line":36,"column":94}},"type":"if","locations":[{"start":{"line":36,"column":2},"end":{"line":36,"column":94}},{"start":{},"end":{}}],"line":36},"3":{"loc":{"start":{"line":44,"column":2},"end":{"line":44,"column":94}},"type":"if","locations":[{"start":{"line":44,"column":2},"end":{"line":44,"column":94}},{"start":{},"end":{}}],"line":44},"4":{"loc":{"start":{"line":52,"column":2},"end":{"line":52,"column":94}},"type":"if","locations":[{"start":{"line":52,"column":2},"end":{"line":52,"column":94}},{"start":{},"end":{}}],"line":52}},"s":{"0":2,"1":2,"2":2,"3":2,"4":2,"5":0,"6":0,"7":2,"8":0,"9":0,"10":0,"11":0,"12":0,"13":0,"14":2,"15":0,"16":0,"17":0,"18":0,"19":0,"20":0,"21":0,"22":2,"23":0,"24":0,"25":0,"26":0,"27":2,"28":0,"29":0,"30":0,"31":0,"32":2},"f":{"0":0,"1":0,"2":0,"3":0,"4":0},"b":{"0":[0,0],"1":[0,0],"2":[0,0],"3":[0,0],"4":[0,0]},"_coverageSchema":"1a1c01bbd47fc00a2c39e90264f33305004495a9","hash":"b3bdb0972226ef33a3f503f17b8555a6cfb4a6d6"}
,"/Users/sunming/Desktop/Node/test/vidly/routes/genres.js": {"path":"/Users/sunming/Desktop/Node/test/vidly/routes/genres.js","statementMap":{"0":{"start":{"line":1,"column":24},"end":{"line":1,"column":54}},"1":{"start":{"line":2,"column":13},"end":{"line":2,"column":42}},"2":{"start":{"line":3,"column":14},"end":{"line":3,"column":44}},"3":{"start":{"line":4,"column":28},"end":{"line":4,"column":54}},"4":{"start":{"line":5,"column":17},"end":{"line":5,"column":36}},"5":{"start":{"line":6,"column":16},"end":{"line":6,"column":34}},"6":{"start":{"line":7,"column":15},"end":{"line":7,"column":31}},"7":{"start":{"line":8,"column":25},"end":{"line":8,"column":66}},"8":{"start":{"line":10,"column":0},"end":{"line":13,"column":3}},"9":{"start":{"line":11,"column":17},"end":{"line":11,"column":48}},"10":{"start":{"line":12,"column":2},"end":{"line":12,"column":19}},"11":{"start":{"line":15,"column":0},"end":{"line":23,"column":3}},"12":{"start":{"line":16,"column":20},"end":{"line":16,"column":38}},"13":{"start":{"line":17,"column":2},"end":{"line":17,"column":67}},"14":{"start":{"line":17,"column":13},"end":{"line":17,"column":67}},"15":{"start":{"line":19,"column":14},"end":{"line":19,"column":48}},"16":{"start":{"line":20,"column":2},"end":{"line":20,"column":29}},"17":{"start":{"line":22,"column":2},"end":{"line":22,"column":18}},"18":{"start":{"line":25,"column":0},"end":{"line":41,"column":3}},"19":{"start":{"line":26,"column":20},"end":{"line":26,"column":38}},"20":{"start":{"line":27,"column":2},"end":{"line":27,"column":67}},"21":{"start":{"line":27,"column":13},"end":{"line":27,"column":67}},"22":{"start":{"line":29,"column":16},"end":{"line":35,"column":3}},"23":{"start":{"line":37,"column":2},"end":{"line":38,"column":78}},"24":{"start":{"line":38,"column":4},"end":{"line":38,"column":78}},"25":{"start":{"line":40,"column":2},"end":{"line":40,"column":18}},"26":{"start":{"line":43,"column":0},"end":{"line":50,"column":3}},"27":{"start":{"line":44,"column":16},"end":{"line":44,"column":60}},"28":{"start":{"line":46,"column":2},"end":{"line":47,"column":78}},"29":{"start":{"line":47,"column":4},"end":{"line":47,"column":78}},"30":{"start":{"line":49,"column":2},"end":{"line":49,"column":18}},"31":{"start":{"line":52,"column":0},"end":{"line":59,"column":3}},"32":{"start":{"line":53,"column":16},"end":{"line":53,"column":51}},"33":{"start":{"line":55,"column":2},"end":{"line":56,"column":78}},"34":{"start":{"line":56,"column":4},"end":{"line":56,"column":78}},"35":{"start":{"line":58,"column":2},"end":{"line":58,"column":18}},"36":{"start":{"line":61,"column":0},"end":{"line":61,"column":24}}},"fnMap":{"0":{"name":"(anonymous_0)","decl":{"start":{"line":10,"column":16},"end":{"line":10,"column":17}},"loc":{"start":{"line":10,"column":42},"end":{"line":13,"column":1}},"line":10},"1":{"name":"(anonymous_1)","decl":{"start":{"line":15,"column":23},"end":{"line":15,"column":24}},"loc":{"start":{"line":15,"column":43},"end":{"line":23,"column":1}},"line":15},"2":{"name":"(anonymous_2)","decl":{"start":{"line":25,"column":37},"end":{"line":25,"column":38}},"loc":{"start":{"line":25,"column":57},"end":{"line":41,"column":1}},"line":25},"3":{"name":"(anonymous_3)","decl":{"start":{"line":43,"column":55},"end":{"line":43,"column":56}},"loc":{"start":{"line":43,"column":75},"end":{"line":50,"column":1}},"line":43},"4":{"name":"(anonymous_4)","decl":{"start":{"line":52,"column":37},"end":{"line":52,"column":38}},"loc":{"start":{"line":52,"column":57},"end":{"line":59,"column":1}},"line":52}},"branchMap":{"0":{"loc":{"start":{"line":17,"column":2},"end":{"line":17,"column":67}},"type":"if","locations":[{"start":{"line":17,"column":2},"end":{"line":17,"column":67}},{"start":{},"end":{}}],"line":17},"1":{"loc":{"start":{"line":27,"column":2},"end":{"line":27,"column":67}},"type":"if","locations":[{"start":{"line":27,"column":2},"end":{"line":27,"column":67}},{"start":{},"end":{}}],"line":27},"2":{"loc":{"start":{"line":37,"column":2},"end":{"line":38,"column":78}},"type":"if","locations":[{"start":{"line":37,"column":2},"end":{"line":38,"column":78}},{"start":{},"end":{}}],"line":37},"3":{"loc":{"start":{"line":46,"column":2},"end":{"line":47,"column":78}},"type":"if","locations":[{"start":{"line":46,"column":2},"end":{"line":47,"column":78}},{"start":{},"end":{}}],"line":46},"4":{"loc":{"start":{"line":55,"column":2},"end":{"line":56,"column":78}},"type":"if","locations":[{"start":{"line":55,"column":2},"end":{"line":56,"column":78}},{"start":{},"end":{}}],"line":55}},"s":{"0":2,"1":2,"2":2,"3":2,"4":2,"5":2,"6":2,"7":2,"8":2,"9":1,"10":1,"11":2,"12":5,"13":5,"14":2,"15":3,"16":3,"17":3,"18":2,"19":0,"20":0,"21":0,"22":0,"23":0,"24":0,"25":0,"26":2,"27":0,"28":0,"29":0,"30":0,"31":2,"32":2,"33":2,"34":1,"35":1,"36":2},"f":{"0":1,"1":5,"2":0,"3":0,"4":2},"b":{"0":[2,3],"1":[0,0],"2":[0,0],"3":[0,0],"4":[1,1]},"_coverageSchema":"1a1c01bbd47fc00a2c39e90264f33305004495a9","hash":"beff271e0bdfb7ae88e09b3a353e70bd31822dae"}
,"/Users/sunming/Desktop/Node/test/vidly/routes/movies.js": {"path":"/Users/sunming/Desktop/Node/test/vidly/routes/movies.js","statementMap":{"0":{"start":{"line":1,"column":26},"end":{"line":1,"column":52}},"1":{"start":{"line":2,"column":16},"end":{"line":2,"column":42}},"2":{"start":{"line":3,"column":17},"end":{"line":3,"column":36}},"3":{"start":{"line":4,"column":16},"end":{"line":4,"column":34}},"4":{"start":{"line":5,"column":15},"end":{"line":5,"column":31}},"5":{"start":{"line":7,"column":0},"end":{"line":10,"column":3}},"6":{"start":{"line":8,"column":17},"end":{"line":8,"column":48}},"7":{"start":{"line":9,"column":2},"end":{"line":9,"column":19}},"8":{"start":{"line":12,"column":0},"end":{"line":31,"column":3}},"9":{"start":{"line":13,"column":20},"end":{"line":13,"column":38}},"10":{"start":{"line":14,"column":2},"end":{"line":14,"column":67}},"11":{"start":{"line":14,"column":13},"end":{"line":14,"column":67}},"12":{"start":{"line":16,"column":16},"end":{"line":16,"column":54}},"13":{"start":{"line":17,"column":2},"end":{"line":17,"column":60}},"14":{"start":{"line":17,"column":14},"end":{"line":17,"column":60}},"15":{"start":{"line":19,"column":16},"end":{"line":27,"column":4}},"16":{"start":{"line":28,"column":2},"end":{"line":28,"column":21}},"17":{"start":{"line":30,"column":2},"end":{"line":30,"column":18}},"18":{"start":{"line":33,"column":0},"end":{"line":54,"column":3}},"19":{"start":{"line":34,"column":20},"end":{"line":34,"column":38}},"20":{"start":{"line":35,"column":2},"end":{"line":35,"column":67}},"21":{"start":{"line":35,"column":13},"end":{"line":35,"column":67}},"22":{"start":{"line":37,"column":16},"end":{"line":37,"column":54}},"23":{"start":{"line":38,"column":2},"end":{"line":38,"column":60}},"24":{"start":{"line":38,"column":14},"end":{"line":38,"column":60}},"25":{"start":{"line":40,"column":16},"end":{"line":49,"column":21}},"26":{"start":{"line":51,"column":2},"end":{"line":51,"column":88}},"27":{"start":{"line":51,"column":14},"end":{"line":51,"column":88}},"28":{"start":{"line":53,"column":2},"end":{"line":53,"column":18}},"29":{"start":{"line":56,"column":0},"end":{"line":62,"column":3}},"30":{"start":{"line":57,"column":16},"end":{"line":57,"column":60}},"31":{"start":{"line":59,"column":2},"end":{"line":59,"column":88}},"32":{"start":{"line":59,"column":14},"end":{"line":59,"column":88}},"33":{"start":{"line":61,"column":2},"end":{"line":61,"column":18}},"34":{"start":{"line":64,"column":0},"end":{"line":70,"column":3}},"35":{"start":{"line":65,"column":16},"end":{"line":65,"column":51}},"36":{"start":{"line":67,"column":2},"end":{"line":67,"column":88}},"37":{"start":{"line":67,"column":14},"end":{"line":67,"column":88}},"38":{"start":{"line":69,"column":2},"end":{"line":69,"column":18}},"39":{"start":{"line":72,"column":0},"end":{"line":72,"column":24}}},"fnMap":{"0":{"name":"(anonymous_0)","decl":{"start":{"line":7,"column":16},"end":{"line":7,"column":17}},"loc":{"start":{"line":7,"column":36},"end":{"line":10,"column":1}},"line":7},"1":{"name":"(anonymous_1)","decl":{"start":{"line":12,"column":17},"end":{"line":12,"column":18}},"loc":{"start":{"line":12,"column":37},"end":{"line":31,"column":1}},"line":12},"2":{"name":"(anonymous_2)","decl":{"start":{"line":33,"column":19},"end":{"line":33,"column":20}},"loc":{"start":{"line":33,"column":39},"end":{"line":54,"column":1}},"line":33},"3":{"name":"(anonymous_3)","decl":{"start":{"line":56,"column":22},"end":{"line":56,"column":23}},"loc":{"start":{"line":56,"column":42},"end":{"line":62,"column":1}},"line":56},"4":{"name":"(anonymous_4)","decl":{"start":{"line":64,"column":19},"end":{"line":64,"column":20}},"loc":{"start":{"line":64,"column":39},"end":{"line":70,"column":1}},"line":64}},"branchMap":{"0":{"loc":{"start":{"line":14,"column":2},"end":{"line":14,"column":67}},"type":"if","locations":[{"start":{"line":14,"column":2},"end":{"line":14,"column":67}},{"start":{},"end":{}}],"line":14},"1":{"loc":{"start":{"line":17,"column":2},"end":{"line":17,"column":60}},"type":"if","locations":[{"start":{"line":17,"column":2},"end":{"line":17,"column":60}},{"start":{},"end":{}}],"line":17},"2":{"loc":{"start":{"line":35,"column":2},"end":{"line":35,"column":67}},"type":"if","locations":[{"start":{"line":35,"column":2},"end":{"line":35,"column":67}},{"start":{},"end":{}}],"line":35},"3":{"loc":{"start":{"line":38,"column":2},"end":{"line":38,"column":60}},"type":"if","locations":[{"start":{"line":38,"column":2},"end":{"line":38,"column":60}},{"start":{},"end":{}}],"line":38},"4":{"loc":{"start":{"line":51,"column":2},"end":{"line":51,"column":88}},"type":"if","locations":[{"start":{"line":51,"column":2},"end":{"line":51,"column":88}},{"start":{},"end":{}}],"line":51},"5":{"loc":{"start":{"line":59,"column":2},"end":{"line":59,"column":88}},"type":"if","locations":[{"start":{"line":59,"column":2},"end":{"line":59,"column":88}},{"start":{},"end":{}}],"line":59},"6":{"loc":{"start":{"line":67,"column":2},"end":{"line":67,"column":88}},"type":"if","locations":[{"start":{"line":67,"column":2},"end":{"line":67,"column":88}},{"start":{},"end":{}}],"line":67}},"s":{"0":2,"1":2,"2":2,"3":2,"4":2,"5":2,"6":0,"7":0,"8":2,"9":0,"10":0,"11":0,"12":0,"13":0,"14":0,"15":0,"16":0,"17":0,"18":2,"19":0,"20":0,"21":0,"22":0,"23":0,"24":0,"25":0,"26":0,"27":0,"28":0,"29":2,"30":0,"31":0,"32":0,"33":0,"34":2,"35":0,"36":0,"37":0,"38":0,"39":2},"f":{"0":0,"1":0,"2":0,"3":0,"4":0},"b":{"0":[0,0],"1":[0,0],"2":[0,0],"3":[0,0],"4":[0,0],"5":[0,0],"6":[0,0]},"_coverageSchema":"1a1c01bbd47fc00a2c39e90264f33305004495a9","hash":"d88c06916b46cded0e8dc72d126bbb00c1e10098"}
,"/Users/sunming/Desktop/Node/test/vidly/routes/rentals.js": {"path":"/Users/sunming/Desktop/Node/test/vidly/routes/rentals.js","statementMap":{"0":{"start":{"line":1,"column":27},"end":{"line":1,"column":54}},"1":{"start":{"line":2,"column":16},"end":{"line":2,"column":42}},"2":{"start":{"line":3,"column":19},"end":{"line":3,"column":48}},"3":{"start":{"line":4,"column":17},"end":{"line":4,"column":36}},"4":{"start":{"line":5,"column":13},"end":{"line":5,"column":28}},"5":{"start":{"line":6,"column":16},"end":{"line":6,"column":34}},"6":{"start":{"line":7,"column":15},"end":{"line":7,"column":31}},"7":{"start":{"line":9,"column":0},"end":{"line":9,"column":20}},"8":{"start":{"line":11,"column":0},"end":{"line":14,"column":3}},"9":{"start":{"line":12,"column":18},"end":{"line":12,"column":54}},"10":{"start":{"line":13,"column":2},"end":{"line":13,"column":20}},"11":{"start":{"line":16,"column":0},"end":{"line":54,"column":3}},"12":{"start":{"line":17,"column":20},"end":{"line":17,"column":38}},"13":{"start":{"line":18,"column":2},"end":{"line":18,"column":67}},"14":{"start":{"line":18,"column":13},"end":{"line":18,"column":67}},"15":{"start":{"line":20,"column":19},"end":{"line":20,"column":63}},"16":{"start":{"line":21,"column":2},"end":{"line":21,"column":66}},"17":{"start":{"line":21,"column":17},"end":{"line":21,"column":66}},"18":{"start":{"line":23,"column":16},"end":{"line":23,"column":54}},"19":{"start":{"line":24,"column":2},"end":{"line":24,"column":60}},"20":{"start":{"line":24,"column":14},"end":{"line":24,"column":60}},"21":{"start":{"line":26,"column":2},"end":{"line":26,"column":84}},"22":{"start":{"line":26,"column":33},"end":{"line":26,"column":84}},"23":{"start":{"line":28,"column":15},"end":{"line":39,"column":4}},"24":{"start":{"line":41,"column":2},"end":{"line":53,"column":3}},"25":{"start":{"line":42,"column":4},"end":{"line":47,"column":13}},"26":{"start":{"line":49,"column":4},"end":{"line":49,"column":21}},"27":{"start":{"line":52,"column":4},"end":{"line":52,"column":46}},"28":{"start":{"line":56,"column":0},"end":{"line":62,"column":3}},"29":{"start":{"line":57,"column":17},"end":{"line":57,"column":53}},"30":{"start":{"line":59,"column":2},"end":{"line":59,"column":90}},"31":{"start":{"line":59,"column":15},"end":{"line":59,"column":90}},"32":{"start":{"line":61,"column":2},"end":{"line":61,"column":19}},"33":{"start":{"line":64,"column":0},"end":{"line":64,"column":24}}},"fnMap":{"0":{"name":"(anonymous_0)","decl":{"start":{"line":11,"column":16},"end":{"line":11,"column":17}},"loc":{"start":{"line":11,"column":36},"end":{"line":14,"column":1}},"line":11},"1":{"name":"(anonymous_1)","decl":{"start":{"line":16,"column":17},"end":{"line":16,"column":18}},"loc":{"start":{"line":16,"column":37},"end":{"line":54,"column":1}},"line":16},"2":{"name":"(anonymous_2)","decl":{"start":{"line":56,"column":19},"end":{"line":56,"column":20}},"loc":{"start":{"line":56,"column":39},"end":{"line":62,"column":1}},"line":56}},"branchMap":{"0":{"loc":{"start":{"line":18,"column":2},"end":{"line":18,"column":67}},"type":"if","locations":[{"start":{"line":18,"column":2},"end":{"line":18,"column":67}},{"start":{},"end":{}}],"line":18},"1":{"loc":{"start":{"line":21,"column":2},"end":{"line":21,"column":66}},"type":"if","locations":[{"start":{"line":21,"column":2},"end":{"line":21,"column":66}},{"start":{},"end":{}}],"line":21},"2":{"loc":{"start":{"line":24,"column":2},"end":{"line":24,"column":60}},"type":"if","locations":[{"start":{"line":24,"column":2},"end":{"line":24,"column":60}},{"start":{},"end":{}}],"line":24},"3":{"loc":{"start":{"line":26,"column":2},"end":{"line":26,"column":84}},"type":"if","locations":[{"start":{"line":26,"column":2},"end":{"line":26,"column":84}},{"start":{},"end":{}}],"line":26},"4":{"loc":{"start":{"line":59,"column":2},"end":{"line":59,"column":90}},"type":"if","locations":[{"start":{"line":59,"column":2},"end":{"line":59,"column":90}},{"start":{},"end":{}}],"line":59}},"s":{"0":2,"1":2,"2":2,"3":2,"4":2,"5":2,"6":2,"7":2,"8":2,"9":0,"10":0,"11":2,"12":0,"13":0,"14":0,"15":0,"16":0,"17":0,"18":0,"19":0,"20":0,"21":0,"22":0,"23":0,"24":0,"25":0,"26":0,"27":0,"28":2,"29":0,"30":0,"31":0,"32":0,"33":2},"f":{"0":0,"1":0,"2":0},"b":{"0":[0,0],"1":[0,0],"2":[0,0],"3":[0,0],"4":[0,0]},"_coverageSchema":"1a1c01bbd47fc00a2c39e90264f33305004495a9","hash":"d34e5d82c14f9a681f2026d5d35aaa9470e8a89b"}
,"/Users/sunming/Desktop/Node/test/vidly/routes/users.js": {"path":"/Users/sunming/Desktop/Node/test/vidly/routes/users.js","statementMap":{"0":{"start":{"line":1,"column":13},"end":{"line":1,"column":42}},"1":{"start":{"line":2,"column":12},"end":{"line":2,"column":35}},"2":{"start":{"line":3,"column":15},"end":{"line":3,"column":32}},"3":{"start":{"line":4,"column":27},"end":{"line":4,"column":52}},"4":{"start":{"line":5,"column":17},"end":{"line":5,"column":36}},"5":{"start":{"line":6,"column":16},"end":{"line":6,"column":34}},"6":{"start":{"line":7,"column":15},"end":{"line":7,"column":31}},"7":{"start":{"line":8,"column":10},"end":{"line":8,"column":27}},"8":{"start":{"line":9,"column":15},"end":{"line":9,"column":32}},"9":{"start":{"line":11,"column":0},"end":{"line":14,"column":3}},"10":{"start":{"line":12,"column":15},"end":{"line":12,"column":68}},"11":{"start":{"line":13,"column":2},"end":{"line":13,"column":17}},"12":{"start":{"line":16,"column":0},"end":{"line":39,"column":3}},"13":{"start":{"line":17,"column":2},"end":{"line":17,"column":80}},"14":{"start":{"line":17,"column":43},"end":{"line":17,"column":80}},"15":{"start":{"line":18,"column":20},"end":{"line":18,"column":38}},"16":{"start":{"line":19,"column":2},"end":{"line":19,"column":67}},"17":{"start":{"line":19,"column":13},"end":{"line":19,"column":67}},"18":{"start":{"line":20,"column":13},"end":{"line":20,"column":58}},"19":{"start":{"line":21,"column":2},"end":{"line":21,"column":67}},"20":{"start":{"line":21,"column":12},"end":{"line":21,"column":67}},"21":{"start":{"line":22,"column":2},"end":{"line":29,"column":4}},"22":{"start":{"line":30,"column":15},"end":{"line":30,"column":39}},"23":{"start":{"line":31,"column":2},"end":{"line":31,"column":57}},"24":{"start":{"line":32,"column":2},"end":{"line":32,"column":20}},"25":{"start":{"line":34,"column":16},"end":{"line":34,"column":40}},"26":{"start":{"line":36,"column":2},"end":{"line":38,"column":50}},"27":{"start":{"line":41,"column":0},"end":{"line":41,"column":24}}},"fnMap":{"0":{"name":"(anonymous_0)","decl":{"start":{"line":11,"column":24},"end":{"line":11,"column":25}},"loc":{"start":{"line":11,"column":44},"end":{"line":14,"column":1}},"line":11},"1":{"name":"(anonymous_1)","decl":{"start":{"line":16,"column":17},"end":{"line":16,"column":18}},"loc":{"start":{"line":16,"column":37},"end":{"line":39,"column":1}},"line":16}},"branchMap":{"0":{"loc":{"start":{"line":17,"column":2},"end":{"line":17,"column":80}},"type":"if","locations":[{"start":{"line":17,"column":2},"end":{"line":17,"column":80}},{"start":{},"end":{}}],"line":17},"1":{"loc":{"start":{"line":19,"column":2},"end":{"line":19,"column":67}},"type":"if","locations":[{"start":{"line":19,"column":2},"end":{"line":19,"column":67}},{"start":{},"end":{}}],"line":19},"2":{"loc":{"start":{"line":21,"column":2},"end":{"line":21,"column":67}},"type":"if","locations":[{"start":{"line":21,"column":2},"end":{"line":21,"column":67}},{"start":{},"end":{}}],"line":21}},"s":{"0":2,"1":2,"2":2,"3":2,"4":2,"5":2,"6":2,"7":2,"8":2,"9":2,"10":0,"11":0,"12":2,"13":0,"14":0,"15":0,"16":0,"17":0,"18":0,"19":0,"20":0,"21":0,"22":0,"23":0,"24":0,"25":0,"26":0,"27":2},"f":{"0":0,"1":0},"b":{"0":[0,0],"1":[0,0],"2":[0,0]},"_coverageSchema":"1a1c01bbd47fc00a2c39e90264f33305004495a9","hash":"6b13c980681253e7412ec1097a34d899952f90de"}
,"/Users/sunming/Desktop/Node/test/vidly/startup/config.js": {"path":"/Users/sunming/Desktop/Node/test/vidly/startup/config.js","statementMap":{"0":{"start":{"line":1,"column":15},"end":{"line":1,"column":32}},"1":{"start":{"line":3,"column":0},"end":{"line":9,"column":2}},"2":{"start":{"line":4,"column":2},"end":{"line":8,"column":3}},"3":{"start":{"line":5,"column":4},"end":{"line":5,"column":65}}},"fnMap":{"0":{"name":"(anonymous_0)","decl":{"start":{"line":3,"column":17},"end":{"line":3,"column":18}},"loc":{"start":{"line":3,"column":29},"end":{"line":9,"column":1}},"line":3}},"branchMap":{"0":{"loc":{"start":{"line":4,"column":2},"end":{"line":8,"column":3}},"type":"if","locations":[{"start":{"line":4,"column":2},"end":{"line":8,"column":3}},{"start":{},"end":{}}],"line":4}},"s":{"0":2,"1":2,"2":2,"3":0},"f":{"0":2},"b":{"0":[0,2]},"_coverageSchema":"1a1c01bbd47fc00a2c39e90264f33305004495a9","hash":"21cdbd5f83aac345955711b8c8f835f722977ae5"}
,"/Users/sunming/Desktop/Node/test/vidly/startup/db.js": {"path":"/Users/sunming/Desktop/Node/test/vidly/startup/db.js","statementMap":{"0":{"start":{"line":1,"column":16},"end":{"line":1,"column":34}},"1":{"start":{"line":2,"column":17},"end":{"line":2,"column":36}},"2":{"start":{"line":3,"column":15},"end":{"line":3,"column":32}},"3":{"start":{"line":5,"column":0},"end":{"line":9,"column":2}},"4":{"start":{"line":6,"column":13},"end":{"line":6,"column":29}},"5":{"start":{"line":7,"column":2},"end":{"line":7,"column":74}},"6":{"start":{"line":7,"column":34},"end":{"line":7,"column":72}}},"fnMap":{"0":{"name":"(anonymous_0)","decl":{"start":{"line":5,"column":17},"end":{"line":5,"column":18}},"loc":{"start":{"line":5,"column":29},"end":{"line":9,"column":1}},"line":5},"1":{"name":"(anonymous_1)","decl":{"start":{"line":7,"column":28},"end":{"line":7,"column":29}},"loc":{"start":{"line":7,"column":34},"end":{"line":7,"column":72}},"line":7}},"branchMap":{},"s":{"0":2,"1":2,"2":2,"3":2,"4":2,"5":2,"6":2},"f":{"0":2,"1":2},"b":{},"_coverageSchema":"1a1c01bbd47fc00a2c39e90264f33305004495a9","hash":"5e3d0a626d8c1de2f8016af02832f6e42771859a"}
,"/Users/sunming/Desktop/Node/test/vidly/startup/logging.js": {"path":"/Users/sunming/Desktop/Node/test/vidly/startup/logging.js","statementMap":{"0":{"start":{"line":2,"column":16},"end":{"line":2,"column":34}},"1":{"start":{"line":3,"column":0},"end":{"line":3,"column":32}},"2":{"start":{"line":5,"column":0},"end":{"line":40,"column":2}},"3":{"start":{"line":6,"column":2},"end":{"line":9,"column":5}},"4":{"start":{"line":7,"column":4},"end":{"line":7,"column":33}},"5":{"start":{"line":8,"column":4},"end":{"line":8,"column":20}},"6":{"start":{"line":11,"column":2},"end":{"line":14,"column":4}},"7":{"start":{"line":16,"column":2},"end":{"line":20,"column":5}},"8":{"start":{"line":19,"column":4},"end":{"line":19,"column":13}},"9":{"start":{"line":22,"column":2},"end":{"line":30,"column":4}},"10":{"start":{"line":31,"column":2},"end":{"line":33,"column":4}}},"fnMap":{"0":{"name":"(anonymous_0)","decl":{"start":{"line":5,"column":17},"end":{"line":5,"column":18}},"loc":{"start":{"line":5,"column":29},"end":{"line":40,"column":1}},"line":5},"1":{"name":"(anonymous_1)","decl":{"start":{"line":6,"column":34},"end":{"line":6,"column":35}},"loc":{"start":{"line":6,"column":42},"end":{"line":9,"column":3}},"line":6},"2":{"name":"(anonymous_2)","decl":{"start":{"line":16,"column":35},"end":{"line":16,"column":36}},"loc":{"start":{"line":16,"column":43},"end":{"line":20,"column":3}},"line":16}},"branchMap":{},"s":{"0":2,"1":2,"2":2,"3":2,"4":0,"5":0,"6":2,"7":2,"8":0,"9":2,"10":2},"f":{"0":2,"1":0,"2":0},"b":{},"_coverageSchema":"1a1c01bbd47fc00a2c39e90264f33305004495a9","hash":"69c86a24421a0cb40ef6587558bb28cc27369865"}
,"/Users/sunming/Desktop/Node/test/vidly/startup/routes.js": {"path":"/Users/sunming/Desktop/Node/test/vidly/startup/routes.js","statementMap":{"0":{"start":{"line":1,"column":15},"end":{"line":1,"column":42}},"1":{"start":{"line":2,"column":18},"end":{"line":2,"column":48}},"2":{"start":{"line":3,"column":15},"end":{"line":3,"column":42}},"3":{"start":{"line":4,"column":16},"end":{"line":4,"column":44}},"4":{"start":{"line":5,"column":14},"end":{"line":5,"column":40}},"5":{"start":{"line":6,"column":13},"end":{"line":6,"column":38}},"6":{"start":{"line":7,"column":16},"end":{"line":7,"column":34}},"7":{"start":{"line":8,"column":14},"end":{"line":8,"column":44}},"8":{"start":{"line":10,"column":0},"end":{"line":19,"column":2}},"9":{"start":{"line":11,"column":2},"end":{"line":11,"column":26}},"10":{"start":{"line":12,"column":2},"end":{"line":12,"column":33}},"11":{"start":{"line":13,"column":2},"end":{"line":13,"column":39}},"12":{"start":{"line":14,"column":2},"end":{"line":14,"column":33}},"13":{"start":{"line":15,"column":2},"end":{"line":15,"column":35}},"14":{"start":{"line":16,"column":2},"end":{"line":16,"column":31}},"15":{"start":{"line":17,"column":2},"end":{"line":17,"column":29}},"16":{"start":{"line":18,"column":2},"end":{"line":18,"column":17}}},"fnMap":{"0":{"name":"(anonymous_0)","decl":{"start":{"line":10,"column":17},"end":{"line":10,"column":18}},"loc":{"start":{"line":10,"column":32},"end":{"line":19,"column":1}},"line":10}},"branchMap":{},"s":{"0":2,"1":2,"2":2,"3":2,"4":2,"5":2,"6":2,"7":2,"8":2,"9":2,"10":2,"11":2,"12":2,"13":2,"14":2,"15":2,"16":2},"f":{"0":2},"b":{},"_coverageSchema":"1a1c01bbd47fc00a2c39e90264f33305004495a9","hash":"9ac4986fa740c12061ab5b56a1b90a80e1308f27"}
,"/Users/sunming/Desktop/Node/test/vidly/startup/validation.js": {"path":"/Users/sunming/Desktop/Node/test/vidly/startup/validation.js","statementMap":{"0":{"start":{"line":1,"column":12},"end":{"line":1,"column":26}},"1":{"start":{"line":3,"column":0},"end":{"line":5,"column":2}},"2":{"start":{"line":4,"column":2},"end":{"line":4,"column":46}}},"fnMap":{"0":{"name":"(anonymous_0)","decl":{"start":{"line":3,"column":17},"end":{"line":3,"column":18}},"loc":{"start":{"line":3,"column":29},"end":{"line":5,"column":1}},"line":3}},"branchMap":{},"s":{"0":2,"1":2,"2":0},"f":{"0":0},"b":{},"_coverageSchema":"1a1c01bbd47fc00a2c39e90264f33305004495a9","hash":"5d1d91ebf82e1200e43e4bdb8d2ea00a865b0967"}
}
